0 info it worked if it ends with ok
1 verbose cli [ '/Users/xdf/.nvm/versions/node/v6.9.1/bin/node',
1 verbose cli   '/Users/xdf/.nvm/versions/node/v6.9.1/bin/npm',
1 verbose cli   'run',
1 verbose cli   'update' ]
2 info using npm@3.10.8
3 info using node@v6.9.1
4 verbose run-script [ 'preupdate', 'update', 'postupdate' ]
5 info lifecycle macacajs.github.io@~preupdate: macacajs.github.io@
6 silly lifecycle macacajs.github.io@~preupdate: no script for preupdate, continuing
7 info lifecycle macacajs.github.io@~update: macacajs.github.io@
8 verbose lifecycle macacajs.github.io@~update: unsafe-perm in lifecycle true
9 verbose lifecycle macacajs.github.io@~update: PATH: /Users/xdf/.nvm/versions/node/v6.9.1/lib/node_modules/npm/bin/node-gyp-bin:/Users/xdf/prjs/macaca/macacajs.github.io/node_modules/.bin:/Users/xdf/prjs/c/depot_tools:/Users/xdf/.yarn/bin:/opt/local/bin:/opt/local/sbin:/Users/xdf/.nvm/versions/node/v6.9.1/bin:/usr/local/bin:/usr/bin:/bin:/usr/sbin:/sbin:/opt/hadoop-2.7.3/bin:/Developer/NVIDIA/CUDA-8.0/bin
10 verbose lifecycle macacajs.github.io@~update: CWD: /Users/xdf/prjs/macaca/macacajs.github.io
11 silly lifecycle macacajs.github.io@~update: Args: [ '-c', 'jekyll build && gh-pages -d _site -b master' ]
12 silly lifecycle macacajs.github.io@~update: Returned: code: 1  signal: null
13 info lifecycle macacajs.github.io@~update: Failed to exec update script
14 verbose stack Error: macacajs.github.io@ update: `jekyll build && gh-pages -d _site -b master`
14 verbose stack Exit status 1
14 verbose stack     at EventEmitter.<anonymous> (/Users/xdf/.nvm/versions/node/v6.9.1/lib/node_modules/npm/lib/utils/lifecycle.js:255:16)
14 verbose stack     at emitTwo (events.js:106:13)
14 verbose stack     at EventEmitter.emit (events.js:191:7)
14 verbose stack     at ChildProcess.<anonymous> (/Users/xdf/.nvm/versions/node/v6.9.1/lib/node_modules/npm/lib/utils/spawn.js:40:14)
14 verbose stack     at emitTwo (events.js:106:13)
14 verbose stack     at ChildProcess.emit (events.js:191:7)
14 verbose stack     at maybeClose (internal/child_process.js:877:16)
14 verbose stack     at Process.ChildProcess._handle.onexit (internal/child_process.js:226:5)
15 verbose pkgid macacajs.github.io@
16 verbose cwd /Users/xdf/prjs/macaca/macacajs.github.io
17 error Darwin 16.4.0
18 error argv "/Users/xdf/.nvm/versions/node/v6.9.1/bin/node" "/Users/xdf/.nvm/versions/node/v6.9.1/bin/npm" "run" "update"
19 error node v6.9.1
20 error npm  v3.10.8
21 error code ELIFECYCLE
22 error macacajs.github.io@ update: `jekyll build && gh-pages -d _site -b master`
22 error Exit status 1
23 error Failed at the macacajs.github.io@ update script 'jekyll build && gh-pages -d _site -b master'.
23 error Make sure you have the latest version of node.js and npm installed.
23 error If you do, this is most likely a problem with the macacajs.github.io package,
23 error not with npm itself.
23 error Tell the author that this fails on your system:
23 error     jekyll build && gh-pages -d _site -b master
23 error You can get information on how to open an issue for this project with:
23 error     npm bugs macacajs.github.io
23 error Or if that isn't available, you can get their info via:
23 error     npm owner ls macacajs.github.io
23 error There is likely additional logging output above.
24 verbose exit [ 1, true ]
